


ARM Macro Assembler    Page 1 


    1 00000000         ; @author:      Ijaz Ahmad
    2 00000000         ;
    3 00000000         ; @warranty:   void
    4 00000000         ;
    5 00000000         ; @description: Accurate 1000ms delay using Timers
    6 00000000         ;
    7 00000000         
    8 00000000         
    9 00000000         ; Timer-0 registers
   10 00000000 4003000C 
                       TIMER0CTL_REG
                               EQU              0x4003000C
   11 00000000 40030000 
                       TIMER0CFG_REG
                               EQU              0x40030000
   12 00000000 40030004 
                       TIMER0AMR_REG
                               EQU              0x40030004
   13 00000000 40030028 
                       TIMER0AIL_REG
                               EQU              0x40030028
   14 00000000 40030018 
                       TIMER0IMR_REG
                               EQU              0x40030018
   15 00000000 40030024 
                       TIMER0ICR_REG
                               EQU              0x40030024
   16 00000000         
   17 00000000 400FE604 
                       RCGCTIMER_REG
                               EQU              0x400FE604
   18 00000000         
   19 00000000         
   20 00000000         ; clock / bus control registers
   21 00000000 400FE108 
                       RCGC2GPIO_REG
                               EQU              0x400FE108
   22 00000000 400FE06C 
                       GPIOHBCTL_REG
                               EQU              0x400FE06C
   23 00000000         
   24 00000000         ; gpio registers
   25 00000000 40025400 
                       GPIOFDIR_APB_REG
                               EQU              0x40025400
   26 00000000 4002551C 
                       GPIOFDEN_APB_REG
                               EQU              0x4002551C
   27 00000000 40025008 
                       GPIOFDATA_APB_REG
                               EQU              0x40025008
   28 00000000 40025520 
                       GPIOFLOCK_APB_REG
                               EQU              0x40025520
   29 00000000 40025524 
                       GPIOFCR_APB_REG
                               EQU              0x40025524
   30 00000000 40025510 
                       GPIOFPUR_APB_REG



ARM Macro Assembler    Page 2 


                               EQU              0x40025510
   31 00000000 40025514 
                       GPIOFPDR_APB_REG
                               EQU              0x40025514
   32 00000000         
   33 00000000         ;NVIC Registers
   34 00000000 E000E100 
                       NVIC_EN0_REG
                               EQU              0xE000E100
   35 00000000         
   36 00000000         ; register values
   37 00000000 4C4F434B 
                       GPIO_UNLOCK_VAL
                               EQU              0x4C4F434B
   38 00000000 00F423FF 
                       TIMER_DELAY_VAL
                               EQU              16000000-1
   39 00000000         
   40 00000000         
   41 00000000                 AREA             |.text|, CODE, READONLY, ALIGN=
2
   42 00000000                 THUMB
   43 00000000                 ENTRY
   44 00000000                 EXPORT           Main
   45 00000000         Main
   46 00000000         
   47 00000000 F000 F826       BL               __gpio_config
   48 00000004         
   49 00000004 F000 F801       BL               __timer_init
   50 00000008         
   51 00000008 E7FE            B                .
   52 0000000A         
   53 0000000A         
   54 0000000A         __timer_init
   55 0000000A         
   56 0000000A         ;enable clock to Timer-0
   57 0000000A 4921            LDR              R1,     =RCGCTIMER_REG
   58 0000000C 6808            LDR              R0,     [R1]
   59 0000000E F040 0001       ORR              R0,     R0,     #0x1 
                                                            ; set bit-0
   60 00000012 6008            STR              R0,     [R1]
   61 00000014         
   62 00000014         ; configure timer-A,B in concatenated mode for Timer-0
   63 00000014 491F            LDR              R1,     =TIMER0CFG_REG
   64 00000016 F04F 0000       MOV              R0,     #0
   65 0000001A 6008            STR              R0,     [R1]
   66 0000001C         
   67 0000001C         
   68 0000001C         ; periodic mode -> 1000ms countinuous delay
   69 0000001C 491E            LDR              R1,     =TIMER0AMR_REG
   70 0000001E 6808            LDR              R0,     [R1]
   71 00000020 F020 0003       BIC              R0,     R0,     #0x3 ; clear th
                                                            e lower two bits
   72 00000024 F040 0002       ORR              R0,     R0,     #0x2 
                                                            ; set bit-1
   73 00000028 6008            STR              R0,     [R1]
   74 0000002A         
   75 0000002A         ; value to count for 1000ms delay @16Mhz clock
   76 0000002A 491C            LDR              R1,  =TIMER0AIL_REG



ARM Macro Assembler    Page 3 


   77 0000002C 481C            LDR              R0,     =TIMER_DELAY_VAL
   78 0000002E 6008            STR              R0,     [R1]
   79 00000030         
   80 00000030         ; enable Interrupt for Timer-A 
   81 00000030 491C            LDR              R1,     =TIMER0IMR_REG
   82 00000032 6808            LDR              R0,     [R1]
   83 00000034 F040 0001       ORR              R0,     R0,     #0x1 
                                                            ; set bit-0
   84 00000038 6008            STR              R0,     [R1]
   85 0000003A         
   86 0000003A         ; 16/32-Bit Timer 0A at NVIC side
   87 0000003A         ; assuming the core in previllaged mode
   88 0000003A 491B            LDR              R1,     =NVIC_EN0_REG
   89 0000003C F04F 0201       MOV              R2,     #0x1
   90 00000040 04D2            LSLS             R2,     R2,     #19
   91 00000042 600A            STR              R2,     [R1]
   92 00000044         
   93 00000044         ; enable  Timer-0 
   94 00000044 4919            LDR              R1,     =TIMER0CTL_REG
   95 00000046 6808            LDR              R0,     [R1]
   96 00000048 F040 0001       ORR              R0,     R0,     #0x1 
                                                            ; set bit-0    
   97 0000004C 6008            STR              R0,     [R1]
   98 0000004E         
   99 0000004E 4770            BX               LR
  100 00000050         
  101 00000050         
  102 00000050         __gpio_config
  103 00000050         
  104 00000050         ; use APB bus for GPIOF
  105 00000050 4917            LDR              R1,     =GPIOHBCTL_REG
  106 00000052 6808            LDR              R0,     [R1]
  107 00000054 F000 001F       AND              R0,     R0,     #0x1F 
                                                            ; clear bit-5
  108 00000058 6008            STR              R0,     [R1]
  109 0000005A         
  110 0000005A         ; enable clock to GPIO-F
  111 0000005A 4916            LDR              R1,     =RCGC2GPIO_REG
  112 0000005C 6808            LDR              R0,     [R1]
  113 0000005E F040 0020       ORR              R0,     R0,     #0x20
  114 00000062 6008            STR              R0,     [R1]
  115 00000064         
  116 00000064         ; unlock GPIOCR Register for write access
  117 00000064 4914            LDR              R1,     =GPIOFLOCK_APB_REG
  118 00000066 4815            LDR              R0,     =GPIO_UNLOCK_VAL
  119 00000068 6008            STR              R0,     [R1]
  120 0000006A         
  121 0000006A         ; unlock GPIOAFSEL, GPIOPUR, GPIOPDR, and GPIODEN for PF
                       .1
  122 0000006A 4915            LDR              R1,     =GPIOFCR_APB_REG
  123 0000006C 6808            LDR              R0,     [R1]
  124 0000006E F040 0002       ORR              R0,     R0,     #0x02
  125 00000072 6008            STR              R0,     [R1]
  126 00000074         
  127 00000074         ; set PF.1 direction as output
  128 00000074 4913            LDR              R1,     =GPIOFDIR_APB_REG
  129 00000076 F04F 0002       MOV              R0,     #0x02
  130 0000007A 6008            STR              R0,     [R1]
  131 0000007C         



ARM Macro Assembler    Page 4 


  132 0000007C         ; enable digital functionality for PF.1
  133 0000007C 4912            LDR              R1,     =GPIOFDEN_APB_REG
  134 0000007E F04F 0002       MOV              R0,     #0x02
  135 00000082 6008            STR              R0,     [R1]
  136 00000084         
  137 00000084         
  138 00000084         ; lock GPIOCR Register for write access
  139 00000084 490C            LDR              R1,     =GPIOFLOCK_APB_REG
  140 00000086 F04F 0000       MOV              R0,     #0
  141 0000008A 6008            STR              R0,     [R1]
  142 0000008C         
  143 0000008C 4770            BX               LR
  144 0000008E         
  145 0000008E 00 00           ALIGN
  146 00000090         
  147 00000090         
  148 00000090 400FE604 
              40030000 
              40030004 
              40030028 
              00F423FF 
              40030018 
              E000E100 
              4003000C 
              400FE06C 
              400FE108 
              40025520 
              4C4F434B 
              40025524 
              40025400 
              4002551C         AREA             |.text|, CODE, READONLY
  149 000000CC         
  150 000000CC         
  151 000000CC         
  152 000000CC         TIMER0A_Handler
                               PROC
  153 000000CC         
  154 000000CC                 EXPORT           TIMER0A_Handler
  155 000000CC         
  156 000000CC         ; clear the interrupt
  157 000000CC 4905            LDR              R1,     =TIMER0ICR_REG
  158 000000CE 6808            LDR              R0,     [R1]
  159 000000D0 F040 0001       ORR              R0,     R0,     #0x1 
                                                            ; set bit-0
  160 000000D4 6008            STR              R0,     [R1]
  161 000000D6         
  162 000000D6         ; Toggle PF.1
  163 000000D6 4904            LDR              R1,  =GPIOFDATA_APB_REG
  164 000000D8 6808            LDR              R0,  [R1]
  165 000000DA F080 0002       EOR              R0,  R0,  #0x2
  166 000000DE 6008            STR              R0,  [R1]
  167 000000E0         
  168 000000E0 4770            BX               LR
  169 000000E2                 ENDP
  170 000000E2         
  171 000000E2 00 00           ALIGN
  172 000000E4                 END
              40030024 
              40025008 



ARM Macro Assembler    Page 5 


Command Line: --debug --xref --diag_suppress=9931 --cpu=Cortex-M4.fp --apcs=int
erwork --depend=.\objects\main.d -o.\objects\main.o -I.\RTE\_Timers -Ie:\Keil_v
5\ARM\PACK\ARM\CMSIS\5.3.0\CMSIS\Include -Ie:\Keil_v5\ARM\PACK\Keil\TM4C_DFP\1.
1.0\Device\Include\TM4C123 --predefine="__UVISION_VERSION SETA 523" --predefine
="_RTE_ SETA 1" --predefine="TM4C123GH6PM SETA 1" --list=.\listings\main.lst ma
in.s



ARM Macro Assembler    Page 1 Alphabetic symbol ordering
Relocatable symbols

.text 00000000

Symbol: .text
   Definitions
      At line 41 in file main.s
   Uses
      None
Comment: .text unused
Main 00000000

Symbol: Main
   Definitions
      At line 45 in file main.s
   Uses
      At line 44 in file main.s
Comment: Main used once
TIMER0A_Handler 000000CC

Symbol: TIMER0A_Handler
   Definitions
      At line 152 in file main.s
   Uses
      At line 154 in file main.s
Comment: TIMER0A_Handler used once
__gpio_config 00000050

Symbol: __gpio_config
   Definitions
      At line 102 in file main.s
   Uses
      At line 47 in file main.s
Comment: __gpio_config used once
__timer_init 0000000A

Symbol: __timer_init
   Definitions
      At line 54 in file main.s
   Uses
      At line 49 in file main.s
Comment: __timer_init used once
5 symbols



ARM Macro Assembler    Page 1 Alphabetic symbol ordering
Absolute symbols

GPIOFCR_APB_REG 40025524

Symbol: GPIOFCR_APB_REG
   Definitions
      At line 29 in file main.s
   Uses
      At line 122 in file main.s
Comment: GPIOFCR_APB_REG used once
GPIOFDATA_APB_REG 40025008

Symbol: GPIOFDATA_APB_REG
   Definitions
      At line 27 in file main.s
   Uses
      At line 163 in file main.s
Comment: GPIOFDATA_APB_REG used once
GPIOFDEN_APB_REG 4002551C

Symbol: GPIOFDEN_APB_REG
   Definitions
      At line 26 in file main.s
   Uses
      At line 133 in file main.s
Comment: GPIOFDEN_APB_REG used once
GPIOFDIR_APB_REG 40025400

Symbol: GPIOFDIR_APB_REG
   Definitions
      At line 25 in file main.s
   Uses
      At line 128 in file main.s
Comment: GPIOFDIR_APB_REG used once
GPIOFLOCK_APB_REG 40025520

Symbol: GPIOFLOCK_APB_REG
   Definitions
      At line 28 in file main.s
   Uses
      At line 117 in file main.s
      At line 139 in file main.s

GPIOFPDR_APB_REG 40025514

Symbol: GPIOFPDR_APB_REG
   Definitions
      At line 31 in file main.s
   Uses
      None
Comment: GPIOFPDR_APB_REG unused
GPIOFPUR_APB_REG 40025510

Symbol: GPIOFPUR_APB_REG
   Definitions
      At line 30 in file main.s
   Uses
      None
Comment: GPIOFPUR_APB_REG unused
GPIOHBCTL_REG 400FE06C




ARM Macro Assembler    Page 2 Alphabetic symbol ordering
Absolute symbols

Symbol: GPIOHBCTL_REG
   Definitions
      At line 22 in file main.s
   Uses
      At line 105 in file main.s
Comment: GPIOHBCTL_REG used once
GPIO_UNLOCK_VAL 4C4F434B

Symbol: GPIO_UNLOCK_VAL
   Definitions
      At line 37 in file main.s
   Uses
      At line 118 in file main.s
Comment: GPIO_UNLOCK_VAL used once
NVIC_EN0_REG E000E100

Symbol: NVIC_EN0_REG
   Definitions
      At line 34 in file main.s
   Uses
      At line 88 in file main.s
Comment: NVIC_EN0_REG used once
RCGC2GPIO_REG 400FE108

Symbol: RCGC2GPIO_REG
   Definitions
      At line 21 in file main.s
   Uses
      At line 111 in file main.s
Comment: RCGC2GPIO_REG used once
RCGCTIMER_REG 400FE604

Symbol: RCGCTIMER_REG
   Definitions
      At line 17 in file main.s
   Uses
      At line 57 in file main.s
Comment: RCGCTIMER_REG used once
TIMER0AIL_REG 40030028

Symbol: TIMER0AIL_REG
   Definitions
      At line 13 in file main.s
   Uses
      At line 76 in file main.s
Comment: TIMER0AIL_REG used once
TIMER0AMR_REG 40030004

Symbol: TIMER0AMR_REG
   Definitions
      At line 12 in file main.s
   Uses
      At line 69 in file main.s
Comment: TIMER0AMR_REG used once
TIMER0CFG_REG 40030000

Symbol: TIMER0CFG_REG
   Definitions
      At line 11 in file main.s



ARM Macro Assembler    Page 3 Alphabetic symbol ordering
Absolute symbols

   Uses
      At line 63 in file main.s
Comment: TIMER0CFG_REG used once
TIMER0CTL_REG 4003000C

Symbol: TIMER0CTL_REG
   Definitions
      At line 10 in file main.s
   Uses
      At line 94 in file main.s
Comment: TIMER0CTL_REG used once
TIMER0ICR_REG 40030024

Symbol: TIMER0ICR_REG
   Definitions
      At line 15 in file main.s
   Uses
      At line 157 in file main.s
Comment: TIMER0ICR_REG used once
TIMER0IMR_REG 40030018

Symbol: TIMER0IMR_REG
   Definitions
      At line 14 in file main.s
   Uses
      At line 81 in file main.s
Comment: TIMER0IMR_REG used once
TIMER_DELAY_VAL 00F423FF

Symbol: TIMER_DELAY_VAL
   Definitions
      At line 38 in file main.s
   Uses
      At line 77 in file main.s
Comment: TIMER_DELAY_VAL used once
19 symbols
362 symbols in table
