


ARM Macro Assembler    Page 1 


    1 00000000         
    2 00000000         ; @author: Ijaz Ahmad
    3 00000000         ; 
    4 00000000         ; @warranty: void
    5 00000000         ;
    6 00000000         ; @description: Blinkys onboard RED led on Tivs-C TM4C12
                       3GXL Launchpad
    7 00000000         
    8 00000000         
    9 00000000         ; clock / bus control registers
   10 00000000 400FE108 
                       RCGC2GPIO_REG
                               EQU              0x400FE108
   11 00000000 400FE06C 
                       GPIOHBCTL_REG
                               EQU              0x400FE06C
   12 00000000         
   13 00000000         
   14 00000000         ; gpio registers
   15 00000000 40025400 
                       GPIOFDIR_APB_REG
                               EQU              0x40025400
   16 00000000 4002551C 
                       GPIOFDEN_APB_REG
                               EQU              0x4002551C
   17 00000000 40025008 
                       GPIOFDATA_APB_REG
                               EQU              0x40025008
   18 00000000 40025520 
                       GPIOFLOCK_APB_REG
                               EQU              0x40025520
   19 00000000 40025524 
                       GPIOFCR_APB_REG
                               EQU              0x40025524
   20 00000000 40025510 
                       GPIOPURF_APB_REG
                               EQU              0x40025510
   21 00000000         
   22 00000000         ; register values
   23 00000000 4C4F434B 
                       GPIO_UNLOCK_VAL
                               EQU              0x4C4F434B
   24 00000000 0007A120 
                       DELAY_VALUE
                               EQU              500000
   25 00000000         
   26 00000000                 AREA             |.text|, CODE, READONLY, ALIGN=
2
   27 00000000                 THUMB
   28 00000000                 ENTRY
   29 00000000                 EXPORT           Main
   30 00000000         Main
   31 00000000         
   32 00000000 F000 F80B       BL               __gpio_init
   33 00000004         
   34 00000004 4915            LDR              R1,  =GPIOFDATA_APB_REG
   35 00000006         
   36 00000006 4A16    loop    LDR              R2,  =DELAY_VALUE
   37 00000008         



ARM Macro Assembler    Page 2 


   38 00000008 F1A2 0201 
                       delay   SUB              R2,  R2,  #0x1
   39 0000000C 2A00            CMP              R2,  #0
   40 0000000E D1FB            BNE              delay
   41 00000010         
   42 00000010 6808            LDR              R0, [R1]
   43 00000012 F080 0002       EOR              R0,  R0,  #0x02
   44 00000016 6008            STR              R0, [R1]
   45 00000018         
   46 00000018 E7F5            B                loop
   47 0000001A         
   48 0000001A         
   49 0000001A         
   50 0000001A         __gpio_init
   51 0000001A         
   52 0000001A         ; use AHB bus for GPIOF
   53 0000001A 4912            LDR              R1,  =GPIOHBCTL_REG
   54 0000001C 6808            LDR              R0,  [R1]
   55 0000001E F000 001F       AND              R0,  R0,  #0x1F ; clear bit-5
   56 00000022 6008            STR              R0,  [R1]
   57 00000024         
   58 00000024         ; enable clock to GPIO-F
   59 00000024 4910            LDR              R1,  =RCGC2GPIO_REG
   60 00000026 6808            LDR              R0,  [R1]
   61 00000028 F040 0020       ORR              R0,  R0,  #0x20
   62 0000002C 6008            STR              R0,  [R1]
   63 0000002E         
   64 0000002E         
   65 0000002E         ; unlock GPIOCR Register for write access
   66 0000002E 490F            LDR              R1,  =GPIOFLOCK_APB_REG
   67 00000030 480F            LDR              R0,  =GPIO_UNLOCK_VAL
   68 00000032 6008            STR              R0,  [R1]
   69 00000034         
   70 00000034         ; unlock GPIOAFSEL, GPIOPUR, GPIOPDR, and GPIODEN for PF
                       .1
   71 00000034 490F            LDR              R1,  =GPIOFCR_APB_REG
   72 00000036 6808            LDR              R0,  [R1]
   73 00000038 F040 0002       ORR              R0,  R0,  #0x02
   74 0000003C 6008            STR              R0,  [R1]
   75 0000003E         
   76 0000003E         ; set PF.1 direction as output
   77 0000003E 490E            LDR              R1,  =GPIOFDIR_APB_REG
   78 00000040 F04F 0002       MOV              R0,  #0x02
   79 00000044 6008            STR              R0,  [R1]
   80 00000046         
   81 00000046         ; pull up PF.1
   82 00000046 490D            LDR              R1,  =GPIOPURF_APB_REG
   83 00000048 6808            LDR              R0,  [R1]
   84 0000004A F040 0002       ORR              R0,  R0,  #0x02
   85 0000004E 6008            STR              R0,  [R1]
   86 00000050         
   87 00000050         ; enable digital functionality for PF.1
   88 00000050 490B            LDR              R1,  =GPIOFDEN_APB_REG
   89 00000052 F04F 0002       MOV              R0,  #0x02
   90 00000056 6008            STR              R0,  [R1]
   91 00000058         
   92 00000058 4770            BX               LR
   93 0000005A         
   94 0000005A 00 00           ALIGN



ARM Macro Assembler    Page 3 


   95 0000005C                 END
              40025008 
              0007A120 
              400FE06C 
              400FE108 
              40025520 
              4C4F434B 
              40025524 
              40025400 
              40025510 
              4002551C 
Command Line: --debug --xref --diag_suppress=9931 --cpu=Cortex-M4.fp --apcs=int
erwork --depend=.\objects\main.d -o.\objects\main.o -I.\RTE\_Target_1 -Ie:\Keil
_v5\ARM\PACK\ARM\CMSIS\5.3.0\CMSIS\Include -Ie:\Keil_v5\ARM\PACK\Keil\TM4C_DFP\
1.1.0\Device\Include\TM4C123 --predefine="__UVISION_VERSION SETA 523" --predefi
ne="_RTE_ SETA 1" --predefine="TM4C123GH6PM SETA 1" --list=.\listings\main.lst 
main.s



ARM Macro Assembler    Page 1 Alphabetic symbol ordering
Relocatable symbols

.text 00000000

Symbol: .text
   Definitions
      At line 26 in file main.s
   Uses
      None
Comment: .text unused
Main 00000000

Symbol: Main
   Definitions
      At line 30 in file main.s
   Uses
      At line 29 in file main.s
Comment: Main used once
__gpio_init 0000001A

Symbol: __gpio_init
   Definitions
      At line 50 in file main.s
   Uses
      At line 32 in file main.s
Comment: __gpio_init used once
delay 00000008

Symbol: delay
   Definitions
      At line 38 in file main.s
   Uses
      At line 40 in file main.s
Comment: delay used once
loop 00000006

Symbol: loop
   Definitions
      At line 36 in file main.s
   Uses
      At line 46 in file main.s
Comment: loop used once
5 symbols



ARM Macro Assembler    Page 1 Alphabetic symbol ordering
Absolute symbols

DELAY_VALUE 0007A120

Symbol: DELAY_VALUE
   Definitions
      At line 24 in file main.s
   Uses
      At line 36 in file main.s
Comment: DELAY_VALUE used once
GPIOFCR_APB_REG 40025524

Symbol: GPIOFCR_APB_REG
   Definitions
      At line 19 in file main.s
   Uses
      At line 71 in file main.s
Comment: GPIOFCR_APB_REG used once
GPIOFDATA_APB_REG 40025008

Symbol: GPIOFDATA_APB_REG
   Definitions
      At line 17 in file main.s
   Uses
      At line 34 in file main.s
Comment: GPIOFDATA_APB_REG used once
GPIOFDEN_APB_REG 4002551C

Symbol: GPIOFDEN_APB_REG
   Definitions
      At line 16 in file main.s
   Uses
      At line 88 in file main.s
Comment: GPIOFDEN_APB_REG used once
GPIOFDIR_APB_REG 40025400

Symbol: GPIOFDIR_APB_REG
   Definitions
      At line 15 in file main.s
   Uses
      At line 77 in file main.s
Comment: GPIOFDIR_APB_REG used once
GPIOFLOCK_APB_REG 40025520

Symbol: GPIOFLOCK_APB_REG
   Definitions
      At line 18 in file main.s
   Uses
      At line 66 in file main.s
Comment: GPIOFLOCK_APB_REG used once
GPIOHBCTL_REG 400FE06C

Symbol: GPIOHBCTL_REG
   Definitions
      At line 11 in file main.s
   Uses
      At line 53 in file main.s
Comment: GPIOHBCTL_REG used once
GPIOPURF_APB_REG 40025510

Symbol: GPIOPURF_APB_REG



ARM Macro Assembler    Page 2 Alphabetic symbol ordering
Absolute symbols

   Definitions
      At line 20 in file main.s
   Uses
      At line 82 in file main.s
Comment: GPIOPURF_APB_REG used once
GPIO_UNLOCK_VAL 4C4F434B

Symbol: GPIO_UNLOCK_VAL
   Definitions
      At line 23 in file main.s
   Uses
      At line 67 in file main.s
Comment: GPIO_UNLOCK_VAL used once
RCGC2GPIO_REG 400FE108

Symbol: RCGC2GPIO_REG
   Definitions
      At line 10 in file main.s
   Uses
      At line 59 in file main.s
Comment: RCGC2GPIO_REG used once
10 symbols
351 symbols in table
